app/build/outputs/mapping/StundenplanHofApp/release/mapping.txt
# compiler: R8
# compiler_version: 1.5.64
# min_api: 16
# pg_map_id: 132f754
de.hof.university.app.-$$Lambda$MainActivity$yT9IIqVZQwlDASHBJxCJ-zoEqfQ -> e.a.a.a.a:
    de.hof.university.app.MainActivity f$0 -> a
    de.hof.university.app.GDrive.GoogleDriveController f$1 -> b
    void onResult(de.hof.university.app.GDrive.GDriveCallback$ResultType) -> a
de.hof.university.app.GDrive.-$$Lambda$GoogleDriveController$49N3kSmWkvN2usTsF0g0KLUhu6Q -> e.a.a.a.b.a:
    de.hof.university.app.GDrive.GoogleDriveController f$0 -> b
de.hof.university.app.GDrive.-$$Lambda$GoogleDriveController$9QtTMMlcayOhVVx32pQqUlPQNk8 -> e.a.a.a.b.b:
    de.hof.university.app.GDrive.GoogleDriveController f$0 -> b
de.hof.university.app.GDrive.-$$Lambda$GoogleDriveController$C01V5kRoWdCVQdlO2-ocVV63UHk -> e.a.a.a.b.c:
    com.google.android.gms.tasks.Task f$0 -> a
de.hof.university.app.GDrive.-$$Lambda$GoogleDriveController$DP93bmEZHKEW-1ZnvDWqcvdbssM -> e.a.a.a.b.d:
    de.hof.university.app.GDrive.GoogleDriveController f$0 -> a
de.hof.university.app.GDrive.-$$Lambda$GoogleDriveController$DX2PSbR3-L5voYSLkinkJN1UU6U -> e.a.a.a.b.e:
    de.hof.university.app.GDrive.GoogleDriveController f$0 -> a
    void onResult(java.lang.Object) -> a
de.hof.university.app.GDrive.-$$Lambda$GoogleDriveController$EBiCNrNXtnzaGf3o_HNHHqynA2Y -> e.a.a.a.b.f:
    java.util.Date f$3 -> d
    de.hof.university.app.GDrive.GoogleDriveController f$0 -> a
    java.lang.Object f$2 -> c
    java.lang.String f$1 -> b
de.hof.university.app.GDrive.-$$Lambda$GoogleDriveController$EqAYMTghrQjEEe0QX0I-FoTi5xY -> e.a.a.a.b.g:
    de.hof.university.app.GDrive.GoogleDriveController f$0 -> a
    void handleMetadataBuffer(com.google.android.gms.drive.MetadataBuffer) -> a
de.hof.university.app.GDrive.-$$Lambda$GoogleDriveController$IdQnSKqxGixfS2VtQMqDUwGAY7w -> e.a.a.a.b.h:
    de.hof.university.app.GDrive.GoogleDriveController f$0 -> a
    boolean f$1 -> b
de.hof.university.app.GDrive.-$$Lambda$GoogleDriveController$K5hLqMvTQMM_ACqlFsHW89e7e2M -> e.a.a.a.b.i:
    de.hof.university.app.GDrive.GoogleDriveController f$0 -> b
de.hof.university.app.GDrive.-$$Lambda$GoogleDriveController$QZxdlJL8GZMl7-Bh-2c2QPprXHA -> e.a.a.a.b.j:
    de.hof.university.app.GDrive.-$$Lambda$GoogleDriveController$QZxdlJL8GZMl7-Bh-2c2QPprXHA INSTANCE -> b
de.hof.university.app.GDrive.-$$Lambda$GoogleDriveController$RpAd4R-hSlA6fncf-_k7Z6IRr4M -> e.a.a.a.b.k:
    java.util.Date f$3 -> d
    de.hof.university.app.GDrive.GoogleDriveController f$0 -> a
    java.lang.Object f$2 -> c
    java.lang.String f$1 -> b
    void handleMetadataBuffer(com.google.android.gms.drive.MetadataBuffer) -> a
de.hof.university.app.GDrive.-$$Lambda$GoogleDriveController$TFuSxHorCettTN52vQLPLU6hVbM -> e.a.a.a.b.l:
    de.hof.university.app.GDrive.OnGDriveRestore f$1 -> b
    de.hof.university.app.GDrive.GoogleDriveController f$0 -> a
    com.google.android.gms.drive.MetadataBuffer f$2 -> c
de.hof.university.app.GDrive.-$$Lambda$GoogleDriveController$UUQOdisXNeEHcqdqXUgURrrtYGY -> e.a.a.a.b.m:
    de.hof.university.app.GDrive.GoogleDriveController f$0 -> a
de.hof.university.app.GDrive.-$$Lambda$GoogleDriveController$WcSnxgtyGUOnlkg407KL6jxMOlY -> e.a.a.a.b.n:
    java.util.Date f$5 -> f
    java.lang.Object f$3 -> d
    com.google.android.gms.tasks.Task f$1 -> b
    de.hof.university.app.GDrive.GoogleDriveController f$0 -> a
    com.google.android.gms.tasks.Task f$2 -> c
    java.lang.String f$4 -> e
de.hof.university.app.GDrive.-$$Lambda$GoogleDriveController$ZGyV8XDIbFH4Sv18z6L82z7KApM -> e.a.a.a.b.o:
    de.hof.university.app.GDrive.GoogleDriveController f$0 -> a
de.hof.university.app.GDrive.-$$Lambda$GoogleDriveController$b6P1RzXkuRrwcuWpysUYhWURGTI -> e.a.a.a.b.p:
    de.hof.university.app.GDrive.GoogleDriveController f$0 -> a
    java.lang.String f$1 -> b
de.hof.university.app.GDrive.-$$Lambda$GoogleDriveController$bU8IYDs3GXgDIu30UCrutOLepWk -> e.a.a.a.b.q:
    de.hof.university.app.GDrive.GoogleDriveController f$0 -> a
...
com.google.android.material.internal.NavigationMenuPresenter$SeparatorViewHolder -> d.b.a.a.r.l:
com.google.android.material.internal.NavigationMenuPresenter$SubheaderViewHolder -> d.b.a.a.r.m:
com.google.android.material.internal.NavigationMenuPresenter$ViewHolder -> d.b.a.a.r.n:
com.google.android.material.internal.NavigationMenuView -> com.google.android.material.internal.NavigationMenuView:
    void initialize(androidx.appcompat.view.menu.MenuBuilder) -> a
com.google.android.material.internal.NavigationSubMenu -> d.b.a.a.r.p:
    1:1:android.view.Menu androidx.appcompat.view.menu.SubMenuBuilder.getParentMenu():0:0 -> b
    1:1:void onItemsChanged(boolean):0 -> b
    2:2:void onItemsChanged(boolean):0:0 -> b
com.google.android.material.internal.ParcelableSparseArray -> d.b.a.a.r.r:
com.google.android.material.internal.ParcelableSparseArray$1 -> d.b.a.a.r.q:
    1:1:com.google.android.material.internal.ParcelableSparseArray createFromParcel(android.os.Parcel):0:0 -> createFromParcel
    1:1:java.lang.Object createFromParcel(android.os.Parcel):0 -> createFromParcel
    2:2:com.google.android.material.internal.ParcelableSparseArray createFromParcel(android.os.Parcel,java.lang.ClassLoader):0:0 -> createFromParcel
    2:2:java.lang.Object createFromParcel(android.os.Parcel,java.lang.ClassLoader):0 -> createFromParcel
    1:1:com.google.android.material.internal.ParcelableSparseArray[] newArray(int):0:0 -> newArray
    1:1:java.lang.Object[] newArray(int):0 -> newArray
com.google.android.material.internal.ScrimInsetsFrameLayout -> d.b.a.a.r.t:
    android.graphics.Rect insets -> c
    android.graphics.Rect tempRect -> d
    android.graphics.drawable.Drawable insetForeground -> b
    void onInsetsChanged(androidx.core.view.WindowInsetsCompat) -> a
com.google.android.material.internal.ScrimInsetsFrameLayout$1 -> d.b.a.a.r.s:
    com.google.android.material.internal.ScrimInsetsFrameLayout this$0 -> a
    1:1:boolean androidx.core.view.WindowInsetsCompat.hasSystemWindowInsets():0:0 -> a
    1:1:androidx.core.view.WindowInsetsCompat onApplyWindowInsets(android.view.View,androidx.core.view.WindowInsetsCompat):0 -> a
    2:2:androidx.core.view.WindowInsetsCompat onApplyWindowInsets(android.view.View,androidx.core.view.WindowInsetsCompat):0:0 -> a
    3:3:androidx.core.view.WindowInsetsCompat androidx.core.view.WindowInsetsCompat.consumeSystemWindowInsets():0:0 -> a
    3:3:androidx.core.view.WindowInsetsCompat onApplyWindowInsets(android.view.View,androidx.core.view.WindowInsetsCompat):0 -> a
com.google.android.material.internal.StateListAnimator -> d.b.a.a.r.w:
    com.google.android.material.internal.StateListAnimator$Tuple lastMatch -> b
    android.animation.ValueAnimator runningAnimator -> c
    android.animation.Animator$AnimatorListener animationListener -> d
    java.util.ArrayList tuples -> a
    void addState(int[],android.animation.ValueAnimator) -> a
com.google.android.material.internal.StateListAnimator$1 -> d.b.a.a.r.u:
    com.google.android.material.internal.StateListAnimator this$0 -> a
com.google.android.material.internal.StateListAnimator$Tuple -> d.b.a.a.r.v:
    int[] specs -> a
    android.animation.ValueAnimator animator -> b